<?xml version="1.0" encoding="UTF-8"?>
<testsuite xmlns:xsi="http://www.w3.org/2001/XMLSchema-instance" xsi:schemaLocation="https://maven.apache.org/surefire/maven-surefire-plugin/xsd/surefire-test-report.xsd" name="runners.TestRunner" time="20.872" tests="4" errors="1" skipped="0" failures="1">
  <properties>
[...]
</properties>
  <testcase name="Create a new list" classname="Interact with account&apos;s lists" time="5.059"/>
  <testcase name="Delete a list" classname="Interact with account&apos;s lists" time="2.877"/>
  <testcase name="Add a movie to a list" classname="Interact with account&apos;s lists" time="2.271">
    <failure message="Error: the movie didn&apos;t get added: something went wrong with the API&#10;Expected: &lt;12&gt;&#10;     but: was &lt;8&gt;" type="java.lang.AssertionError"><![CDATA[java.lang.AssertionError: 
Error: the movie didn't get added: something went wrong with the API
Expected: <12>
     but: was <8>
]]></failure>
    <system-err><![CDATA[[main] INFO net.thucydides.core.steps.ConsoleLoggingListener - 
 _____ _____ ____ _____   ____ _____  _    ____ _____ _____ ____  
|_   _| ____/ ___|_   _| / ___|_   _|/ \  |  _ \_   _| ____|  _ \ 
  | | |  _| \___ \ | |   \___ \ | | / _ \ | |_) || | |  _| | | | |
  | | | |___ ___) || |    ___) || |/ ___ \|  _ < | | | |___| |_| |
  |_| |_____|____/ |_|   |____/ |_/_/   \_\_| \_\|_| |_____|____/ 
                                                                  

TEST STARTED: Add a movie to a list
-------------------------------------------------------------------(interact-with-account-s-lists;add-a-movie-to-a-list)
[main] ERROR net.thucydides.core.steps.ConsoleLoggingListener - 
           __  _____ _____ ____ _____   _____ _    ___ _     _____ ____  
  _       / / |_   _| ____/ ___|_   _| |  ___/ \  |_ _| |   | ____|  _ \ 
 (_)_____| |    | | |  _| \___ \ | |   | |_ / _ \  | || |   |  _| | | | |
  _|_____| |    | | | |___ ___) || |   |  _/ ___ \ | || |___| |___| |_| |
 (_)     | |    |_| |_____|____/ |_|   |_|/_/   \_\___|_____|_____|____/ 
          \_\                                                            

TEST FAILED: Add a movie to a list
--------------------------------------------------------------------------
[main] ERROR net.thucydides.core.steps.ConsoleLoggingListener - TEST FAILED AT STEP Then The list has the movie added and doesn't appear in details
[main] ERROR net.thucydides.core.steps.ConsoleLoggingListener - Error: the movie didn't get added: something went wrong with the APIExpected: <12> but: was <8>
]]></system-err>
  </testcase>
  <testcase name="Remove a movie from a list" classname="Interact with account&apos;s lists" time="2.444">
    <error message="Invalid JSON expression:&#10;Script1.groovy: 1: expecting EOF, found &apos;:&apos; @ line 1, column 38.&#10;                            status_code: 13&#10;                                        ^&#10;&#10;1 error&#10;" type="java.lang.IllegalArgumentException">java.lang.IllegalArgumentException: 
Invalid JSON expression:
Script1.groovy: 1: expecting EOF, found ':' @ line 1, column 38.
                            status_code: 13
                                        ^

1 error

Caused by: org.codehaus.groovy.control.MultipleCompilationErrorsException: 
startup failed:
Script1.groovy: 1: expecting EOF, found ':' @ line 1, column 38.
   restAssuredJsonRootObject.status_code: 13
                                        ^

1 error

</error>
    <system-err><![CDATA[[main] INFO net.thucydides.core.steps.ConsoleLoggingListener - 
 _____ _____ ____ _____   ____ _____  _    ____ _____ _____ ____  
|_   _| ____/ ___|_   _| / ___|_   _|/ \  |  _ \_   _| ____|  _ \ 
  | | |  _| \___ \ | |   \___ \ | | / _ \ | |_) || | |  _| | | | |
  | | | |___ ___) || |    ___) || |/ ___ \|  _ < | | | |___| |_| |
  |_| |_____|____/ |_|   |____/ |_/_/   \_\_| \_\|_| |_____|____/ 
                                                                  

TEST STARTED: Remove a movie from a list
-------------------------------------------------------------------(interact-with-account-s-lists;remove-a-movie-from-a-list)
[main] ERROR net.thucydides.core.steps.ConsoleLoggingListener - 
           __  _____ _____ ____ _____   _____ _    ___ _     _____ ____  
  _       / / |_   _| ____/ ___|_   _| |  ___/ \  |_ _| |   | ____|  _ \ 
 (_)_____| |    | | |  _| \___ \ | |   | |_ / _ \  | || |   |  _| | | | |
  _|_____| |    | | | |___ ___) || |   |  _/ ___ \ | || |___| |___| |_| |
 (_)     | |    |_| |_____|____/ |_|   |_|/_/   \_\___|_____|_____|____/ 
          \_\                                                            

TEST FAILED WITH ERROR: Remove a movie from a list
---------------------------------------------------------------------
[main] ERROR net.thucydides.core.steps.ConsoleLoggingListener - TEST FAILED AT STEP Then The list doesn't have the movie in details
[main] ERROR net.thucydides.core.steps.ConsoleLoggingListener - 
]]></system-err>
  </testcase>
</testsuite>